An import exception occurred
Loading pretrained LM features (title and abstract) ...
LM_emb_path: prt_lm/ogbn-arxiv/microsoft/deberta-base-seed0.emb

Number of parameters: 547232
Start running train at 11-12 07:31:01
An import exception occurred
Loading pretrained LM features (title and abstract) ...
LM_emb_path: prt_lm/ogbn-arxiv/microsoft/deberta-base-seed0.emb

Number of parameters: 1356448
Start running train at 12-04 03:25:30
Epoch: 0, Time: 1.1882, Loss: 3.8033, TrainAcc: 0.0227, ValAcc: 0.4464, ES: 00/50 | BestVal=0.4464@E0
Epoch: 10, Time: 0.6987, Loss: 1.0562, TrainAcc: 0.7235, ValAcc: 0.6384, ES: 02/50 | BestVal=0.6650@E8
Epoch: 20, Time: 0.7312, Loss: 0.8609, TrainAcc: 0.7570, ValAcc: 0.6944, ES: 00/50 | BestVal=0.6944@E20
Epoch: 30, Time: 0.7320, Loss: 0.7681, TrainAcc: 0.7743, ValAcc: 0.7366, ES: 00/50 | BestVal=0.7366@E30
Epoch: 40, Time: 0.7288, Loss: 0.7013, TrainAcc: 0.7902, ValAcc: 0.7487, ES: 00/50 | BestVal=0.7487@E40
Epoch: 50, Time: 0.7334, Loss: 0.6511, TrainAcc: 0.8015, ValAcc: 0.7530, ES: 00/50 | BestVal=0.7530@E50
Epoch: 60, Time: 0.7260, Loss: 0.6089, TrainAcc: 0.8117, ValAcc: 0.7556, ES: 00/50 | BestVal=0.7556@E60
Epoch: 70, Time: 0.7046, Loss: 0.5731, TrainAcc: 0.8207, ValAcc: 0.7567, ES: 02/50 | BestVal=0.7569@E68
Epoch: 80, Time: 0.7012, Loss: 0.5491, TrainAcc: 0.8280, ValAcc: 0.7569, ES: 05/50 | BestVal=0.7582@E75
Epoch: 90, Time: 0.7006, Loss: 0.5173, TrainAcc: 0.8352, ValAcc: 0.7559, ES: 15/50 | BestVal=0.7582@E75
Epoch: 100, Time: 0.7031, Loss: 0.4906, TrainAcc: 0.8419, ValAcc: 0.7553, ES: 25/50 | BestVal=0.7582@E75
Epoch: 110, Time: 0.7015, Loss: 0.4662, TrainAcc: 0.8493, ValAcc: 0.7508, ES: 35/50 | BestVal=0.7582@E75
Epoch: 120, Time: 0.7015, Loss: 0.4654, TrainAcc: 0.8479, ValAcc: 0.7564, ES: 07/50 | BestVal=0.7582@E113
Epoch: 130, Time: 0.7016, Loss: 0.4248, TrainAcc: 0.8613, ValAcc: 0.7526, ES: 17/50 | BestVal=0.7582@E113
Epoch: 140, Time: 0.7013, Loss: 0.4382, TrainAcc: 0.8554, ValAcc: 0.7495, ES: 27/50 | BestVal=0.7582@E113
Epoch: 150, Time: 0.7037, Loss: 0.3898, TrainAcc: 0.8708, ValAcc: 0.7496, ES: 37/50 | BestVal=0.7582@E113
Epoch: 160, Time: 0.7022, Loss: 0.3786, TrainAcc: 0.8725, ValAcc: 0.7256, ES: 47/50 | BestVal=0.7582@E113
Early stopped, loading model from epoch-113
Finished running train at 12-04 03:27:28, running time = 1.95min.
[Graphormer + TA] ValAcc: 0.7582, TestAcc: 0.7530

Loading top-k prediction features ...
Loading topk preds from gpt_preds/ogbn-arxiv.csv

Number of parameters: 1891232
Start running train at 12-04 03:27:30
Epoch: 0, Time: 0.8235, Loss: 4.0089, TrainAcc: 0.0183, ValAcc: 0.2697, ES: 00/50 | BestVal=0.2697@E0
Epoch: 10, Time: 0.8268, Loss: 1.2836, TrainAcc: 0.6828, ValAcc: 0.6394, ES: 00/50 | BestVal=0.6394@E10
Epoch: 20, Time: 0.8267, Loss: 1.0669, TrainAcc: 0.7088, ValAcc: 0.6829, ES: 00/50 | BestVal=0.6829@E20
Epoch: 30, Time: 0.8249, Loss: 0.9526, TrainAcc: 0.7282, ValAcc: 0.7184, ES: 00/50 | BestVal=0.7184@E30
Epoch: 40, Time: 0.8320, Loss: 0.8847, TrainAcc: 0.7403, ValAcc: 0.7351, ES: 00/50 | BestVal=0.7351@E40
Epoch: 50, Time: 0.8238, Loss: 0.8336, TrainAcc: 0.7501, ValAcc: 0.7405, ES: 00/50 | BestVal=0.7405@E50
Epoch: 60, Time: 0.8319, Loss: 0.7895, TrainAcc: 0.7590, ValAcc: 0.7447, ES: 00/50 | BestVal=0.7447@E60
Epoch: 70, Time: 0.7902, Loss: 0.7498, TrainAcc: 0.7670, ValAcc: 0.7454, ES: 04/50 | BestVal=0.7459@E66
Epoch: 80, Time: 0.7897, Loss: 0.7103, TrainAcc: 0.7767, ValAcc: 0.7448, ES: 14/50 | BestVal=0.7459@E66
Epoch: 90, Time: 0.7881, Loss: 0.6915, TrainAcc: 0.7788, ValAcc: 0.7427, ES: 24/50 | BestVal=0.7459@E66
Epoch: 100, Time: 0.7895, Loss: 0.6358, TrainAcc: 0.7957, ValAcc: 0.7428, ES: 34/50 | BestVal=0.7459@E66
Epoch: 110, Time: 0.7929, Loss: 0.6201, TrainAcc: 0.7982, ValAcc: 0.7393, ES: 44/50 | BestVal=0.7459@E66
Early stopped, loading model from epoch-66
Finished running train at 12-04 03:29:05, running time = 1.58min.
[Graphormer + P] ValAcc: 0.7459, TestAcc: 0.7419

Loading pretrained LM features (explanations) ...
LM_emb_path: prt_lm/ogbn-arxiv2/microsoft/deberta-base-seed0.emb

Number of parameters: 1356448
Start running train at 12-04 03:29:07
Epoch: 0, Time: 0.7310, Loss: 3.9393, TrainAcc: 0.0077, ValAcc: 0.1813, ES: 00/50 | BestVal=0.1813@E0
Epoch: 10, Time: 0.7289, Loss: 1.0501, TrainAcc: 0.7310, ValAcc: 0.6510, ES: 00/50 | BestVal=0.6510@E10
Epoch: 20, Time: 0.7345, Loss: 0.8628, TrainAcc: 0.7565, ValAcc: 0.7174, ES: 00/50 | BestVal=0.7174@E20
Epoch: 30, Time: 0.7303, Loss: 0.7788, TrainAcc: 0.7713, ValAcc: 0.7432, ES: 00/50 | BestVal=0.7432@E30
Epoch: 40, Time: 0.7288, Loss: 0.7224, TrainAcc: 0.7852, ValAcc: 0.7512, ES: 00/50 | BestVal=0.7512@E40
Epoch: 50, Time: 0.7327, Loss: 0.6755, TrainAcc: 0.7944, ValAcc: 0.7569, ES: 00/50 | BestVal=0.7569@E50
Epoch: 60, Time: 0.7027, Loss: 0.6311, TrainAcc: 0.8054, ValAcc: 0.7578, ES: 01/50 | BestVal=0.7580@E59
Epoch: 70, Time: 0.7016, Loss: 0.5922, TrainAcc: 0.8159, ValAcc: 0.7555, ES: 11/50 | BestVal=0.7580@E59
Epoch: 80, Time: 0.7029, Loss: 0.5591, TrainAcc: 0.8253, ValAcc: 0.7542, ES: 21/50 | BestVal=0.7580@E59
Epoch: 90, Time: 0.7028, Loss: 0.5301, TrainAcc: 0.8322, ValAcc: 0.7533, ES: 31/50 | BestVal=0.7580@E59
Epoch: 100, Time: 0.7023, Loss: 0.5146, TrainAcc: 0.8360, ValAcc: 0.7515, ES: 41/50 | BestVal=0.7580@E59
Early stopped, loading model from epoch-59
Finished running train at 12-04 03:30:25, running time = 1.31min.
[Graphormer + E] ValAcc: 0.0883, TestAcc: 0.0881

(TA_P_E) ValAcc: 0.7307, TestAcc: 0.7309

Running time: 302.68s
An import exception occurred
Loading pretrained LM features (title and abstract) ...
LM_emb_path: prt_lm/ogbn-arxiv/microsoft/deberta-base-seed0.emb

Number of parameters: 1356448
Start running train at 12-04 03:30:21
Epoch: 0, Time: 1.2297, Loss: 3.7295, TrainAcc: 0.0347, ValAcc: 0.2830, ES: 00/50 | BestVal=0.2830@E0
Epoch: 10, Time: 0.7252, Loss: 1.0890, TrainAcc: 0.7049, ValAcc: 0.6777, ES: 00/50 | BestVal=0.6777@E10
Epoch: 20, Time: 0.7278, Loss: 0.8797, TrainAcc: 0.7532, ValAcc: 0.7092, ES: 00/50 | BestVal=0.7092@E20
Epoch: 30, Time: 0.7272, Loss: 0.7895, TrainAcc: 0.7682, ValAcc: 0.7328, ES: 00/50 | BestVal=0.7328@E30
Epoch: 40, Time: 0.7242, Loss: 0.7294, TrainAcc: 0.7824, ValAcc: 0.7478, ES: 00/50 | BestVal=0.7478@E40
Epoch: 50, Time: 0.6958, Loss: 0.6801, TrainAcc: 0.7942, ValAcc: 0.7522, ES: 02/50 | BestVal=0.7522@E48
Epoch: 60, Time: 0.6938, Loss: 0.6349, TrainAcc: 0.8052, ValAcc: 0.7557, ES: 01/50 | BestVal=0.7558@E59
Epoch: 70, Time: 0.6945, Loss: 0.5947, TrainAcc: 0.8158, ValAcc: 0.7566, ES: 04/50 | BestVal=0.7577@E66
Epoch: 80, Time: 0.6943, Loss: 0.5607, TrainAcc: 0.8250, ValAcc: 0.7562, ES: 14/50 | BestVal=0.7577@E66
Epoch: 90, Time: 0.6964, Loss: 0.5345, TrainAcc: 0.8320, ValAcc: 0.7549, ES: 24/50 | BestVal=0.7577@E66
Epoch: 100, Time: 0.6953, Loss: 0.5069, TrainAcc: 0.8388, ValAcc: 0.7557, ES: 34/50 | BestVal=0.7577@E66
Epoch: 110, Time: 0.6962, Loss: 0.4838, TrainAcc: 0.8449, ValAcc: 0.7570, ES: 44/50 | BestVal=0.7577@E66
Early stopped, loading model from epoch-66
Finished running train at 12-04 03:31:45, running time = 1.40min.
[Graphormer + TA] ValAcc: 0.7577, TestAcc: 0.7408

Loading top-k prediction features ...
Loading topk preds from gpt_preds/ogbn-arxiv.csv

Number of parameters: 1891232
Start running train at 12-04 03:31:47
Epoch: 0, Time: 0.8213, Loss: 3.7866, TrainAcc: 0.0222, ValAcc: 0.3735, ES: 00/50 | BestVal=0.3735@E0
Epoch: 10, Time: 0.8200, Loss: 1.3561, TrainAcc: 0.6678, ValAcc: 0.6446, ES: 00/50 | BestVal=0.6446@E10
Epoch: 20, Time: 0.8203, Loss: 1.0974, TrainAcc: 0.7050, ValAcc: 0.6884, ES: 00/50 | BestVal=0.6884@E20
Epoch: 30, Time: 0.8166, Loss: 0.9841, TrainAcc: 0.7232, ValAcc: 0.7125, ES: 00/50 | BestVal=0.7125@E30
Epoch: 40, Time: 0.8260, Loss: 0.9056, TrainAcc: 0.7370, ValAcc: 0.7317, ES: 00/50 | BestVal=0.7317@E40
Epoch: 50, Time: 0.8250, Loss: 0.8512, TrainAcc: 0.7465, ValAcc: 0.7405, ES: 00/50 | BestVal=0.7405@E50
Epoch: 60, Time: 0.7846, Loss: 0.8103, TrainAcc: 0.7543, ValAcc: 0.7418, ES: 02/50 | BestVal=0.7429@E58
Epoch: 70, Time: 0.7834, Loss: 0.7728, TrainAcc: 0.7618, ValAcc: 0.7440, ES: 01/50 | BestVal=0.7455@E69
Epoch: 80, Time: 0.7825, Loss: 0.7374, TrainAcc: 0.7698, ValAcc: 0.7460, ES: 01/50 | BestVal=0.7462@E79
Epoch: 90, Time: 0.7839, Loss: 0.7080, TrainAcc: 0.7757, ValAcc: 0.7451, ES: 04/50 | BestVal=0.7479@E86
Epoch: 100, Time: 0.7844, Loss: 0.6574, TrainAcc: 0.7915, ValAcc: 0.7463, ES: 07/50 | BestVal=0.7484@E93
Epoch: 110, Time: 0.7853, Loss: 0.6206, TrainAcc: 0.8000, ValAcc: 0.7377, ES: 17/50 | BestVal=0.7484@E93
Epoch: 120, Time: 0.7827, Loss: 0.5961, TrainAcc: 0.8058, ValAcc: 0.7311, ES: 27/50 | BestVal=0.7484@E93
Epoch: 130, Time: 0.7817, Loss: 0.5908, TrainAcc: 0.8072, ValAcc: 0.7386, ES: 37/50 | BestVal=0.7484@E93
Epoch: 140, Time: 0.7825, Loss: 0.5308, TrainAcc: 0.8241, ValAcc: 0.7357, ES: 47/50 | BestVal=0.7484@E93
Early stopped, loading model from epoch-93
An import exception occurred
Loading pretrained LM features (title and abstract) ...
LM_emb_path: prt_lm/ogbn-arxiv/microsoft/deberta-base-seed0.emb

Number of parameters: 240928
Start running train at 12-04 23:05:16
Epoch: 0, Time: 0.6994, Loss: 3.8225, TrainAcc: 0.0184, ValAcc: 0.3529, ES: 00/100 | BestVal=0.3529@E0
Epoch: 10, Time: 0.2240, Loss: 1.1268, TrainAcc: 0.7198, ValAcc: 0.6759, ES: 00/100 | BestVal=0.6759@E10
Epoch: 20, Time: 0.2232, Loss: 0.9432, TrainAcc: 0.7457, ValAcc: 0.7059, ES: 00/100 | BestVal=0.7059@E20
Epoch: 30, Time: 0.2232, Loss: 0.8283, TrainAcc: 0.7662, ValAcc: 0.7342, ES: 00/100 | BestVal=0.7342@E30
Epoch: 40, Time: 0.2226, Loss: 0.7466, TrainAcc: 0.7838, ValAcc: 0.7447, ES: 00/100 | BestVal=0.7447@E40
Epoch: 50, Time: 0.2127, Loss: 0.6839, TrainAcc: 0.7991, ValAcc: 0.7507, ES: 01/100 | BestVal=0.7508@E49
Epoch: 60, Time: 0.2237, Loss: 0.6378, TrainAcc: 0.8091, ValAcc: 0.7533, ES: 00/100 | BestVal=0.7533@E60
Epoch: 70, Time: 0.2126, Loss: 0.6028, TrainAcc: 0.8171, ValAcc: 0.7532, ES: 03/100 | BestVal=0.7537@E67
Epoch: 80, Time: 0.2125, Loss: 0.5750, TrainAcc: 0.8234, ValAcc: 0.7546, ES: 02/100 | BestVal=0.7548@E78
Epoch: 90, Time: 0.2125, Loss: 0.5516, TrainAcc: 0.8291, ValAcc: 0.7549, ES: 04/100 | BestVal=0.7552@E86
Epoch: 100, Time: 0.2124, Loss: 0.5461, TrainAcc: 0.8296, ValAcc: 0.7542, ES: 14/100 | BestVal=0.7552@E86
Epoch: 110, Time: 0.2123, Loss: 0.5170, TrainAcc: 0.8376, ValAcc: 0.7556, ES: 02/100 | BestVal=0.7575@E108
Epoch: 120, Time: 0.2126, Loss: 0.4982, TrainAcc: 0.8432, ValAcc: 0.7568, ES: 12/100 | BestVal=0.7575@E108
Epoch: 130, Time: 0.2131, Loss: 0.4816, TrainAcc: 0.8471, ValAcc: 0.7555, ES: 22/100 | BestVal=0.7575@E108
Epoch: 140, Time: 0.2125, Loss: 0.4712, TrainAcc: 0.8506, ValAcc: 0.7514, ES: 32/100 | BestVal=0.7575@E108
Epoch: 150, Time: 0.2128, Loss: 0.4519, TrainAcc: 0.8564, ValAcc: 0.7505, ES: 42/100 | BestVal=0.7575@E108
Epoch: 160, Time: 0.2124, Loss: 0.4389, TrainAcc: 0.8600, ValAcc: 0.7510, ES: 52/100 | BestVal=0.7575@E108
Epoch: 170, Time: 0.2126, Loss: 0.4425, TrainAcc: 0.8578, ValAcc: 0.7490, ES: 62/100 | BestVal=0.7575@E108
Epoch: 180, Time: 0.2123, Loss: 0.4228, TrainAcc: 0.8640, ValAcc: 0.7446, ES: 72/100 | BestVal=0.7575@E108
Epoch: 190, Time: 0.2124, Loss: 0.4123, TrainAcc: 0.8666, ValAcc: 0.7479, ES: 82/100 | BestVal=0.7575@E108
Epoch: 200, Time: 0.2123, Loss: 0.3954, TrainAcc: 0.8720, ValAcc: 0.7471, ES: 92/100 | BestVal=0.7575@E108
Early stopped, loading model from epoch-108
Finished running train at 12-04 23:06:02, running time = 45.96s.
[Graphormer + TA] ValAcc: 0.7575, TestAcc: 0.7445

Loading top-k prediction features ...
Loading topk preds from gpt_preds/ogbn-arxiv.csv

Number of parameters: 128864
Start running train at 12-04 23:06:05
Epoch: 0, Time: 0.2233, Loss: 3.8271, TrainAcc: 0.0138, ValAcc: 0.3423, ES: 00/100 | BestVal=0.3423@E0
Epoch: 10, Time: 0.2289, Loss: 1.2825, TrainAcc: 0.6940, ValAcc: 0.6336, ES: 00/100 | BestVal=0.6336@E10
Epoch: 20, Time: 0.2213, Loss: 1.0360, TrainAcc: 0.7238, ValAcc: 0.7049, ES: 00/100 | BestVal=0.7049@E20
Epoch: 30, Time: 0.2219, Loss: 0.9212, TrainAcc: 0.7389, ValAcc: 0.7262, ES: 00/100 | BestVal=0.7262@E30
Epoch: 40, Time: 0.2224, Loss: 0.8477, TrainAcc: 0.7524, ValAcc: 0.7350, ES: 00/100 | BestVal=0.7350@E40
Epoch: 50, Time: 0.2220, Loss: 0.7886, TrainAcc: 0.7652, ValAcc: 0.7434, ES: 00/100 | BestVal=0.7434@E50
Epoch: 60, Time: 0.2134, Loss: 0.7386, TrainAcc: 0.7768, ValAcc: 0.7436, ES: 07/100 | BestVal=0.7442@E53
Epoch: 70, Time: 0.2133, Loss: 0.6958, TrainAcc: 0.7865, ValAcc: 0.7426, ES: 17/100 | BestVal=0.7442@E53
Epoch: 80, Time: 0.2133, Loss: 0.6508, TrainAcc: 0.7980, ValAcc: 0.7396, ES: 27/100 | BestVal=0.7442@E53
Epoch: 90, Time: 0.2135, Loss: 0.6147, TrainAcc: 0.8080, ValAcc: 0.7325, ES: 37/100 | BestVal=0.7442@E53
Epoch: 100, Time: 0.2136, Loss: 0.5730, TrainAcc: 0.8200, ValAcc: 0.7334, ES: 47/100 | BestVal=0.7442@E53
Epoch: 110, Time: 0.2135, Loss: 0.5333, TrainAcc: 0.8315, ValAcc: 0.7261, ES: 57/100 | BestVal=0.7442@E53
Epoch: 120, Time: 0.2135, Loss: 0.5052, TrainAcc: 0.8408, ValAcc: 0.7232, ES: 67/100 | BestVal=0.7442@E53
Epoch: 130, Time: 0.2134, Loss: 0.4825, TrainAcc: 0.8466, ValAcc: 0.7201, ES: 77/100 | BestVal=0.7442@E53
Epoch: 140, Time: 0.2134, Loss: 0.4468, TrainAcc: 0.8582, ValAcc: 0.7154, ES: 87/100 | BestVal=0.7442@E53
Epoch: 150, Time: 0.2133, Loss: 0.4518, TrainAcc: 0.8549, ValAcc: 0.7085, ES: 97/100 | BestVal=0.7442@E53
Early stopped, loading model from epoch-53
Finished running train at 12-04 23:06:38, running time = 33.31s.
[Graphormer + P] ValAcc: 0.7442, TestAcc: 0.7382

Loading pretrained LM features (explanations) ...
LM_emb_path: prt_lm/ogbn-arxiv2/microsoft/deberta-base-seed0.emb

Number of parameters: 240928
Start running train at 12-04 23:06:40
Epoch: 0, Time: 0.2238, Loss: 3.8028, TrainAcc: 0.0077, ValAcc: 0.4329, ES: 00/100 | BestVal=0.4329@E0
Epoch: 10, Time: 0.2224, Loss: 1.1217, TrainAcc: 0.7179, ValAcc: 0.6843, ES: 00/100 | BestVal=0.6843@E10
Epoch: 20, Time: 0.2234, Loss: 0.9211, TrainAcc: 0.7503, ValAcc: 0.7184, ES: 00/100 | BestVal=0.7184@E20
Epoch: 30, Time: 0.2127, Loss: 0.8082, TrainAcc: 0.7696, ValAcc: 0.7353, ES: 01/100 | BestVal=0.7354@E29
Epoch: 40, Time: 0.2126, Loss: 0.7292, TrainAcc: 0.7854, ValAcc: 0.7480, ES: 02/100 | BestVal=0.7482@E38
Epoch: 50, Time: 0.2307, Loss: 0.6681, TrainAcc: 0.8011, ValAcc: 0.7525, ES: 00/100 | BestVal=0.7525@E50
Epoch: 60, Time: 0.2126, Loss: 0.6236, TrainAcc: 0.8128, ValAcc: 0.7542, ES: 02/100 | BestVal=0.7545@E58
Epoch: 70, Time: 0.2125, Loss: 0.5905, TrainAcc: 0.8209, ValAcc: 0.7537, ES: 08/100 | BestVal=0.7547@E62
Epoch: 80, Time: 0.2129, Loss: 0.5646, TrainAcc: 0.8267, ValAcc: 0.7530, ES: 18/100 | BestVal=0.7547@E62
Epoch: 90, Time: 0.2143, Loss: 0.5492, TrainAcc: 0.8297, ValAcc: 0.7517, ES: 28/100 | BestVal=0.7547@E62
Epoch: 100, Time: 0.2125, Loss: 0.5256, TrainAcc: 0.8357, ValAcc: 0.7506, ES: 38/100 | BestVal=0.7547@E62
Epoch: 110, Time: 0.2126, Loss: 0.5034, TrainAcc: 0.8427, ValAcc: 0.7477, ES: 48/100 | BestVal=0.7547@E62
Epoch: 120, Time: 0.2125, Loss: 0.4835, TrainAcc: 0.8482, ValAcc: 0.7460, ES: 58/100 | BestVal=0.7547@E62
Epoch: 130, Time: 0.2126, Loss: 0.4753, TrainAcc: 0.8487, ValAcc: 0.7454, ES: 68/100 | BestVal=0.7547@E62
Epoch: 140, Time: 0.2125, Loss: 0.4534, TrainAcc: 0.8566, ValAcc: 0.7419, ES: 78/100 | BestVal=0.7547@E62
Epoch: 150, Time: 0.2124, Loss: 0.4393, TrainAcc: 0.8599, ValAcc: 0.7426, ES: 88/100 | BestVal=0.7547@E62
Epoch: 160, Time: 0.2126, Loss: 0.4173, TrainAcc: 0.8672, ValAcc: 0.7396, ES: 98/100 | BestVal=0.7547@E62
Early stopped, loading model from epoch-62
Finished running train at 12-04 23:07:15, running time = 35.26s.
[Graphormer + E] ValAcc: 0.7547, TestAcc: 0.7442

(TA_P_E) ValAcc: 0.7722, TestAcc: 0.7650

Running time: 125.72s
